BEGIN 1:Pipeline_top:fast:work
    InstrD :  1:tb:fast:work
    RD1_E :  1:tb:fast:work
    RegWriteE :  1:tb:fast:work
    Jump :  1:tb:fast:work
    WriteDataM :  1:tb:fast:work
    BranchE :  1:tb:fast:work
    ResultW :  1:tb:fast:work
    ResultSrcE :  1:tb:fast:work
    ReadDataW :  1:tb:fast:work
    PCD :  1:tb:fast:work
    RD2_E :  1:tb:fast:work
    ALU_ResultM :  1:tb:fast:work
    ALUSrcE :  1:tb:fast:work
    PCSrcE :  1:tb:fast:work
    MemWriteE :  1:tb:fast:work
    Imm_Ext_E :  1:tb:fast:work
END 
BEGIN 1:execute_cycle:fast:work
    ALU_ResultE :  1:tb:fast:work
END 
BEGIN 1:Register_File:fast:work
    Register :  1:tb:fast:work
END 
